<?xml version="1.0" encoding="UTF-8"?>
<!-- Generated by org.testng.reporters.JUnitXMLReporter -->
<testsuite ignored="0" hostname="LAPTOP-GDC42HQ4" failures="2" tests="2" name="BankingApp Test(failed)" time="45.431" errors="0" timestamp="23 Dec 2023 05:20:16 GMT">
  <testcase classname="com.inetbanking.testCases.TC_DepositMoneyInAccountTest_009" name="depositMoney" time="12.232">
    <failure type="java.lang.AssertionError" message="expected [true] but found [false]">
      <![CDATA[java.lang.AssertionError: expected [true] but found [false]
at com.inetbanking.testCases.TC_DepositMoneyInAccountTest_009.depositMoney(TC_DepositMoneyInAccountTest_009.java:51)
... Removed 27 stack frames]]>
    </failure>
  </testcase> <!-- depositMoney -->
  <testcase classname="com.inetbanking.testCases.TC_EditExistingAccountTest_007" name="editExistingAccount" time="10.999">
    <failure type="java.lang.AssertionError" message="expected [true] but found [false]">
      <![CDATA[java.lang.AssertionError: expected [true] but found [false]
at com.inetbanking.testCases.TC_EditExistingAccountTest_007.editExistingAccount(TC_EditExistingAccountTest_007.java:52)
... Removed 27 stack frames]]>
    </failure>
  </testcase> <!-- editExistingAccount -->
</testsuite> <!-- BankingApp Test(failed) -->
